
Processing generate_distribution_comparision.C...
615789725
39030099
mj12ku,mj12ku,20,0,2000
mj12,mj12
4.22666e+07
3.89225e+07
Error in <TGClient::TGClient>: can't open display "localhost:18.0", switching to batch mode...
 In case you run from a remote ssh session, reconnect with ssh -Y
Info in <TCanvas::Print>: pdf file ./Plots/ucsb_ku_comp_mj12.pdf has been created
Info in <TCanvas::SaveSource>: C++ Macro file: ./Plots/ucsb_ku_comp_mj12.C has been generated
htku,htku,25,0,5000
ht,ht
4.22661e+07
3.89222e+07
Warning in <TCanvas::Constructor>: Deleting canvas with same name: c
Info in <TCanvas::Print>: pdf file ./Plots/ucsb_ku_comp_ht.pdf has been created
Info in <TCanvas::SaveSource>: C++ Macro file: ./Plots/ucsb_ku_comp_ht.C has been generated
njetsku,njetsku,20,-0.5,19.5
njets,njets

Processing generate_distribution_comparision.C...
615789725
39030099
mj12ku,mj12ku,20,0,2000
mj12,mj12
4.22666e+07
3.89225e+07
Error in <TGClient::TGClient>: can't open display "localhost:33.0", switching to batch mode...
 In case you run from a remote ssh session, reconnect with ssh -Y
Info in <TCanvas::Print>: pdf file ./Plots/ucsb_ku_comp_mj12.pdf has been created
Info in <TCanvas::SaveSource>: C++ Macro file: ./Plots/ucsb_ku_comp_mj12.C has been generated
htku,htku,25,0,5000
ht,ht
4.22661e+07
3.89222e+07
Warning in <TCanvas::Constructor>: Deleting canvas with same name: c
Info in <TCanvas::Print>: pdf file ./Plots/ucsb_ku_comp_ht.pdf has been created
Info in <TCanvas::SaveSource>: C++ Macro file: ./Plots/ucsb_ku_comp_ht.C has been generated
njetsku,njetsku,20,-0.5,19.5
njets,njets
4.22667e+07
3.89225e+07
Warning in <TCanvas::Constructor>: Deleting canvas with same name: c
Info in <TCanvas::Print>: pdf file ./Plots/ucsb_ku_comp_njets.pdf has been created
Info in <TCanvas::SaveSource>: C++ Macro file: ./Plots/ucsb_ku_comp_njets.C has been generated
nbku,nbku,10,-0.5,9.5
Sum$(jets_pt>30 && abs(jets_eta)<2.4 && !jets_islep && jets_id && jets_csv>0.8484),nbm
4.22667e+07
3.89226e+07
Warning in <TCanvas::Constructor>: Deleting canvas with same name: c
Info in <TCanvas::Print>: pdf file ./Plots/ucsb_ku_comp_nb.pdf has been created
Info in <TCanvas::SaveSource>: C++ Macro file: ./Plots/ucsb_ku_comp_nb.C has been generated

Processing generate_distribution_comparision.C...
615789725
39030099
mj12ku,mj12ku,20,0,2000
mj12,mj12
4.22666e+07
3.89225e+07
Error in <TGClient::TGClient>: can't open display "localhost:21.0", switching to batch mode...
 In case you run from a remote ssh session, reconnect with ssh -Y
Info in <TCanvas::Print>: pdf file ./Plots/ucsb_ku_comp_mj12.pdf has been created
Info in <TCanvas::SaveSource>: C++ Macro file: ./Plots/ucsb_ku_comp_mj12.C has been generated
htku,htku,25,0,5000
ht,ht
4.22661e+07
3.89222e+07
Warning in <TCanvas::Constructor>: Deleting canvas with same name: c
Info in <TCanvas::Print>: pdf file ./Plots/ucsb_ku_comp_ht.pdf has been created
Info in <TCanvas::SaveSource>: C++ Macro file: ./Plots/ucsb_ku_comp_ht.C has been generated
njetsku,njetsku,20,-0.5,19.5
njets,njets
4.22667e+07
3.89225e+07
Warning in <TCanvas::Constructor>: Deleting canvas with same name: c
Info in <TCanvas::Print>: pdf file ./Plots/ucsb_ku_comp_njets.pdf has been created
Info in <TCanvas::SaveSource>: C++ Macro file: ./Plots/ucsb_ku_comp_njets.C has been generated
nbku,nbku,10,-0.5,9.5
Sum$(jets_pt>30 && abs(jets_eta)<2.4 && !jets_islep && jets_id && jets_csv>0.8484),nbm
4.22667e+07
3.89226e+07
Warning in <TCanvas::Constructor>: Deleting canvas with same name: c
Info in <TCanvas::Print>: pdf file ./Plots/ucsb_ku_comp_nb.pdf has been created
Info in <TCanvas::SaveSource>: C++ Macro file: ./Plots/ucsb_ku_comp_nb.C has been generated

Processing elcmu.C...
Error in <TGClient::TGClient>: can't open display "localhost:12.0", switching to batch mode...
 In case you run from a remote ssh session, reconnect with ssh -Y
Info in <TCanvas::Print>: pdf file ./Plots/el_mu_comp.pdf has been created
Info in <TCanvas::SaveSource>: C++ Macro file: ./Plots/el_mu_comp.C has been generated
